<?xml version="1.0" encoding="UTF-8"?>
<Site BuildName="(empty)"
	BuildStamp="20230424-2006-Experimental"
	Name="(empty)"
	Generator="ctest-3.26.3"
	CompilerName=""
	CompilerVersion=""
	OSName="Linux"
	Hostname="dev"
	OSRelease="6.1.23-1-MANJARO"
	OSVersion="#1 SMP PREEMPT_DYNAMIC Thu Apr  6 19:47:04 UTC 2023"
	OSPlatform="x86_64"
	Is64Bits="1"
	VendorString="GenuineIntel"
	VendorID="Intel Corporation"
	FamilyID="6"
	ModelID="94"
	ProcessorCacheSize="8192"
	NumberOfLogicalCPU="8"
	NumberOfPhysicalCPU="4"
	TotalVirtualMemory="9011"
	TotalPhysicalMemory="32040"
	LogicalProcessorsPerPhysical="2"
	ProcessorClockFrequency="4599.99"
	>
	<Testing>
		<StartDateTime>Apr 24 22:06 CEST</StartDateTime>
		<StartTestTime>1682366776</StartTestTime>
		<TestList/>
		<EndDateTime>Apr 24 22:06 CEST</EndDateTime>
		<EndTestTime>1682366776</EndTestTime>
		<ElapsedMinutes>0</ElapsedMinutes>
	</Testing>
</Site>
